<?xml version="1.0" encoding="UTF-8"?>
<!-- Generated by org.testng.reporters.JUnitXMLReporter -->
<testsuite ignored="0" hostname="Thirugnanams-MacBook-Pro.local" failures="0" tests="7" name="Jupiter Tests" time="175.922" errors="0" timestamp="2026-04-17T14:15:46 NZST">
  <testcase classname="com.automation.tests.SuccessTest" name="validateSuccessMessage" time="7.466"/>
  <testcase classname="com.automation.tests.SuccessTest" name="validateSuccessMessage" time="18.567"/>
  <testcase classname="com.automation.tests.SuccessTest" name="validateSuccessMessage" time="7.634"/>
  <testcase classname="com.automation.tests.SuccessTest" name="validateSuccessMessage" time="7.334"/>
  <testcase classname="com.automation.tests.SuccessTest" name="validateSuccessMessage" time="10.348"/>
  <testcase classname="com.automation.tests.ContactTest" name="validateMandatoryFields" time="37.096"/>
  <testcase classname="com.automation.tests.CartTest" name="validateCartCalculations" time="9.012"/>
</testsuite> <!-- Jupiter Tests -->
