<?xml version="1.0" encoding="UTF-8"?>
<testng-results ignored="0" total="1" passed="1" failed="0" skipped="0">
  <reporter-output>
  </reporter-output>
  <suite started-at="2026-04-17T01:07:13 NZST" name="Surefire suite" finished-at="2026-04-17T01:07:32 NZST" duration-ms="19417">
    <groups>
    </groups>
    <test started-at="2026-04-17T01:07:13 NZST" name="Surefire test" finished-at="2026-04-17T01:07:32 NZST" duration-ms="19417">
      <class name="com.automation.tests.CartTest">
        <test-method is-config="true" signature="setUp()[pri:0, instance:com.automation.tests.CartTest@2928854b]" started-at="2026-04-17T01:07:13 NZST" name="setUp" finished-at="2026-04-17T01:07:24 NZST" duration-ms="10680" status="PASS">
          <reporter-output>
          </reporter-output>
        </test-method> <!-- setUp -->
        <test-method signature="validateCartCalculations()[pri:0, instance:com.automation.tests.CartTest@2928854b]" started-at="2026-04-17T01:07:24 NZST" name="validateCartCalculations" finished-at="2026-04-17T01:07:32 NZST" duration-ms="8646" status="PASS">
          <reporter-output>
          </reporter-output>
        </test-method> <!-- validateCartCalculations -->
      </class> <!-- com.automation.tests.CartTest -->
    </test> <!-- Surefire test -->
  </suite> <!-- Surefire suite -->
</testng-results>
