<?xml version="1.0" encoding="UTF-8"?>
<!-- Generated by org.testng.reporters.JUnitReportReporter -->
<testsuite hostname="Thirugnanams-MacBook-Pro.local" failures="0" tests="5" name="com.automation.tests.SuccessTest" time="111.529" errors="0" timestamp="2026-04-17T14:15:46 NZST" skipped="0">
  <testcase classname="com.automation.tests.SuccessTest" name="validateSuccessMessage" time="16.382"/>
  <testcase classname="com.automation.tests.SuccessTest" name="validateSuccessMessage" time="37.155"/>
  <testcase classname="com.automation.tests.SuccessTest" name="validateSuccessMessage" time="16.713"/>
  <testcase classname="com.automation.tests.SuccessTest" name="validateSuccessMessage" time="21.679"/>
  <testcase classname="com.automation.tests.SuccessTest" name="validateSuccessMessage" time="19.600"/>
</testsuite> <!-- com.automation.tests.SuccessTest -->
