<?xml version="1.0" encoding="UTF-8"?>
<!-- Generated by org.testng.reporters.JUnitReportReporter -->
<testsuite hostname="Thirugnanams-MacBook-Pro.local" failures="0" tests="2" name="com.automation.tests.SuccessTest" time="66.733" errors="0" timestamp="2026-04-16T22:38:25 NZST" skipped="0">
  <testcase classname="com.automation.tests.SuccessTest" name="validateSuccessMessage" time="32.630"/>
  <testcase classname="com.automation.tests.SuccessTest" name="validateSuccessMessage" time="34.103"/>
</testsuite> <!-- com.automation.tests.SuccessTest -->
